

Started GET "/" for 127.0.0.1 at 2014-04-29 01:14:26 +0530
Processing by Rails::WelcomeController#index as HTML
  Rendered C:/Ruby/lib/ruby/gems/2.0.0/gems/railties-4.1.0/lib/rails/templates/rails/welcome/index.html.erb (24.0ms)
Completed 200 OK in 217ms (Views: 150.0ms | ActiveRecord: 0.0ms)


Started GET "/rails/info/properties" for 127.0.0.1 at 2014-04-29 01:14:37 +0530
Processing by Rails::InfoController#properties as HTML
  Rendered C:/Ruby/lib/ruby/gems/2.0.0/gems/railties-4.1.0/lib/rails/templates/rails/info/properties.html.erb within layouts/application (1.0ms)
Completed 200 OK in 325ms (Views: 23.0ms | ActiveRecord: 9.0ms)


Started GET "/statuses" for 127.0.0.1 at 2014-04-29 01:21:22 +0530

ActiveRecord::PendingMigrationError (

Migrations are pending. To resolve this issue, run:

	bin/rake db:migrate RAILS_ENV=development

):
  activerecord (4.1.0) lib/active_record/migration.rb:389:in `check_pending!'
  activerecord (4.1.0) lib/active_record/migration.rb:377:in `call'
  actionpack (4.1.0) lib/action_dispatch/middleware/callbacks.rb:29:in `block in call'
  activesupport (4.1.0) lib/active_support/callbacks.rb:82:in `run_callbacks'
  actionpack (4.1.0) lib/action_dispatch/middleware/callbacks.rb:27:in `call'
  actionpack (4.1.0) lib/action_dispatch/middleware/reloader.rb:73:in `call'
  actionpack (4.1.0) lib/action_dispatch/middleware/remote_ip.rb:76:in `call'
  actionpack (4.1.0) lib/action_dispatch/middleware/debug_exceptions.rb:17:in `call'
  actionpack (4.1.0) lib/action_dispatch/middleware/show_exceptions.rb:30:in `call'
  railties (4.1.0) lib/rails/rack/logger.rb:38:in `call_app'
  railties (4.1.0) lib/rails/rack/logger.rb:20:in `block in call'
  activesupport (4.1.0) lib/active_support/tagged_logging.rb:68:in `block in tagged'
  activesupport (4.1.0) lib/active_support/tagged_logging.rb:26:in `tagged'
  activesupport (4.1.0) lib/active_support/tagged_logging.rb:68:in `tagged'
  railties (4.1.0) lib/rails/rack/logger.rb:20:in `call'
  actionpack (4.1.0) lib/action_dispatch/middleware/request_id.rb:21:in `call'
  rack (1.5.2) lib/rack/methodoverride.rb:21:in `call'
  rack (1.5.2) lib/rack/runtime.rb:17:in `call'
  activesupport (4.1.0) lib/active_support/cache/strategy/local_cache_middleware.rb:26:in `call'
  rack (1.5.2) lib/rack/lock.rb:17:in `call'
  actionpack (4.1.0) lib/action_dispatch/middleware/static.rb:64:in `call'
  rack (1.5.2) lib/rack/sendfile.rb:112:in `call'
  railties (4.1.0) lib/rails/engine.rb:514:in `call'
  railties (4.1.0) lib/rails/application.rb:144:in `call'
  rack (1.5.2) lib/rack/lock.rb:17:in `call'
  rack (1.5.2) lib/rack/content_length.rb:14:in `call'
  rack (1.5.2) lib/rack/handler/webrick.rb:60:in `service'
  C:/Ruby/lib/ruby/2.0.0/webrick/httpserver.rb:138:in `service'
  C:/Ruby/lib/ruby/2.0.0/webrick/httpserver.rb:94:in `run'
  C:/Ruby/lib/ruby/2.0.0/webrick/server.rb:295:in `block in start_thread'


  Rendered C:/Ruby/lib/ruby/gems/2.0.0/gems/actionpack-4.1.0/lib/action_dispatch/middleware/templates/rescues/_source.erb (1.0ms)
  Rendered C:/Ruby/lib/ruby/gems/2.0.0/gems/actionpack-4.1.0/lib/action_dispatch/middleware/templates/rescues/_trace.html.erb (2.0ms)
  Rendered C:/Ruby/lib/ruby/gems/2.0.0/gems/actionpack-4.1.0/lib/action_dispatch/middleware/templates/rescues/_request_and_response.html.erb (1.0ms)
  Rendered C:/Ruby/lib/ruby/gems/2.0.0/gems/actionpack-4.1.0/lib/action_dispatch/middleware/templates/rescues/diagnostics.erb within rescues/layout (159.0ms)
  [1m[36m (149.0ms)[0m  [1mCREATE TABLE "schema_migrations" ("version" varchar(255) NOT NULL) [0m
  [1m[35m (0.0ms)[0m  select sqlite_version(*)
  [1m[36m (132.0ms)[0m  [1mCREATE UNIQUE INDEX "unique_schema_migrations" ON "schema_migrations" ("version")[0m
  [1m[35mActiveRecord::SchemaMigration Load (0.0ms)[0m  SELECT "schema_migrations".* FROM "schema_migrations"
Migrating to CreateStatuses (20140428194616)
  [1m[36m (0.0ms)[0m  [1mbegin transaction[0m
  [1m[35m (2.0ms)[0m  CREATE TABLE "statuses" ("id" INTEGER PRIMARY KEY AUTOINCREMENT NOT NULL, "name" varchar(255), "content" text, "created_at" datetime, "updated_at" datetime) 
  [1m[36mSQL (0.0ms)[0m  [1mINSERT INTO "schema_migrations" ("version") VALUES (?)[0m  [["version", "20140428194616"]]
  [1m[35m (126.0ms)[0m  commit transaction
  [1m[36mActiveRecord::SchemaMigration Load (1.0ms)[0m  [1mSELECT "schema_migrations".* FROM "schema_migrations"[0m


Started GET "/statuses" for 127.0.0.1 at 2014-04-29 01:24:17 +0530
  [1m[36mActiveRecord::SchemaMigration Load (0.0ms)[0m  [1mSELECT "schema_migrations".* FROM "schema_migrations"[0m
Processing by StatusesController#index as HTML
  [1m[35mStatus Load (0.0ms)[0m  SELECT "statuses".* FROM "statuses"
  Rendered statuses/index.html.erb within layouts/application (12.0ms)
Completed 200 OK in 7236ms (Views: 7192.4ms | ActiveRecord: 0.0ms)


Started GET "/assets/statuses.css?body=1" for 127.0.0.1 at 2014-04-29 01:24:25 +0530


Started GET "/assets/scaffolds.css?body=1" for 127.0.0.1 at 2014-04-29 01:24:25 +0530


Started GET "/assets/statuses.js?body=1" for 127.0.0.1 at 2014-04-29 01:24:25 +0530


Started GET "/assets/jquery.js?body=1" for 127.0.0.1 at 2014-04-29 01:24:25 +0530


Started GET "/assets/application.css?body=1" for 127.0.0.1 at 2014-04-29 01:24:25 +0530


Started GET "/assets/jquery_ujs.js?body=1" for 127.0.0.1 at 2014-04-29 01:24:25 +0530


Started GET "/assets/application.js?body=1" for 127.0.0.1 at 2014-04-29 01:24:25 +0530


Started GET "/assets/turbolinks.js?body=1" for 127.0.0.1 at 2014-04-29 01:24:25 +0530


Started GET "/statuses/new" for 127.0.0.1 at 2014-04-29 01:24:28 +0530
Processing by StatusesController#new as HTML
  Rendered statuses/_form.html.erb (81.0ms)
  Rendered statuses/new.html.erb within layouts/application (97.0ms)
Completed 200 OK in 125ms (Views: 116.0ms | ActiveRecord: 3.0ms)


Started POST "/statuses" for 127.0.0.1 at 2014-04-29 01:24:47 +0530
Processing by StatusesController#create as HTML
  Parameters: {"utf8"=>"✓", "authenticity_token"=>"LlUlwT1aCJHNgOGyGE3lpma/IcxYYKL6BuWkvpnM4rU=", "status"=>{"name"=>"Aditya", "content"=>"Hi! This is my first post."}, "commit"=>"Create Status"}
  [1m[36m (0.0ms)[0m  [1mbegin transaction[0m
  [1m[35mSQL (3.0ms)[0m  INSERT INTO "statuses" ("content", "created_at", "name", "updated_at") VALUES (?, ?, ?, ?)  [["content", "Hi! This is my first post."], ["created_at", "2014-04-28 19:54:47.146987"], ["name", "Aditya"], ["updated_at", "2014-04-28 19:54:47.146987"]]
  [1m[36m (293.0ms)[0m  [1mcommit transaction[0m
Redirected to http://127.0.0.1:3000/statuses/1
Completed 302 Found in 333ms (ActiveRecord: 296.0ms)


Started GET "/statuses/1" for 127.0.0.1 at 2014-04-29 01:24:47 +0530
Processing by StatusesController#show as HTML
  Parameters: {"id"=>"1"}
  [1m[35mStatus Load (1.0ms)[0m  SELECT  "statuses".* FROM "statuses"  WHERE "statuses"."id" = ? LIMIT 1  [["id", 1]]
  Rendered statuses/show.html.erb within layouts/application (2.0ms)
Completed 200 OK in 33ms (Views: 25.0ms | ActiveRecord: 1.0ms)


Started GET "/statuses/1/edit" for 127.0.0.1 at 2014-04-29 01:24:49 +0530
Processing by StatusesController#edit as HTML
  Parameters: {"id"=>"1"}
  [1m[36mStatus Load (1.0ms)[0m  [1mSELECT  "statuses".* FROM "statuses"  WHERE "statuses"."id" = ? LIMIT 1[0m  [["id", 1]]
  Rendered statuses/_form.html.erb (8.0ms)
  Rendered statuses/edit.html.erb within layouts/application (15.0ms)
Completed 200 OK in 56ms (Views: 45.0ms | ActiveRecord: 1.0ms)


Started PATCH "/statuses/1" for 127.0.0.1 at 2014-04-29 01:25:15 +0530
Processing by StatusesController#update as HTML
  Parameters: {"utf8"=>"✓", "authenticity_token"=>"LlUlwT1aCJHNgOGyGE3lpma/IcxYYKL6BuWkvpnM4rU=", "status"=>{"name"=>"Aditya", "content"=>"Hi! This is my first post. Welcome to the brave new world."}, "commit"=>"Update Status", "id"=>"1"}
  [1m[35mStatus Load (0.0ms)[0m  SELECT  "statuses".* FROM "statuses"  WHERE "statuses"."id" = ? LIMIT 1  [["id", 1]]
  [1m[36m (1.0ms)[0m  [1mbegin transaction[0m
  [1m[35mSQL (2.0ms)[0m  UPDATE "statuses" SET "content" = ?, "updated_at" = ? WHERE "statuses"."id" = 1  [["content", "Hi! This is my first post. Welcome to the brave new world."], ["updated_at", "2014-04-28 19:55:15.430605"]]
  [1m[36m (169.0ms)[0m  [1mcommit transaction[0m
Redirected to http://127.0.0.1:3000/statuses/1
Completed 302 Found in 197ms (ActiveRecord: 172.0ms)


Started GET "/statuses/1" for 127.0.0.1 at 2014-04-29 01:25:15 +0530
Processing by StatusesController#show as HTML
  Parameters: {"id"=>"1"}
  [1m[35mStatus Load (1.0ms)[0m  SELECT  "statuses".* FROM "statuses"  WHERE "statuses"."id" = ? LIMIT 1  [["id", 1]]
  Rendered statuses/show.html.erb within layouts/application (1.0ms)
Completed 200 OK in 32ms (Views: 26.0ms | ActiveRecord: 1.0ms)


Started GET "/assets/scaffolds.css?body=1" for 127.0.0.1 at 2014-04-29 01:25:15 +0530


Started GET "/assets/statuses.js?body=1" for 127.0.0.1 at 2014-04-29 01:25:15 +0530


Started GET "/assets/statuses.css?body=1" for 127.0.0.1 at 2014-04-29 01:25:15 +0530


Started GET "/statuses" for 127.0.0.1 at 2014-04-29 01:25:18 +0530
Processing by StatusesController#index as HTML
  [1m[36mStatus Load (1.0ms)[0m  [1mSELECT "statuses".* FROM "statuses"[0m
  Rendered statuses/index.html.erb within layouts/application (10.0ms)
Completed 200 OK in 69ms (Views: 65.0ms | ActiveRecord: 1.0ms)


Started GET "/statuses/1/edit" for 127.0.0.1 at 2014-04-29 01:25:26 +0530
Processing by StatusesController#edit as HTML
  Parameters: {"id"=>"1"}
  [1m[35mStatus Load (1.0ms)[0m  SELECT  "statuses".* FROM "statuses"  WHERE "statuses"."id" = ? LIMIT 1  [["id", 1]]
  Rendered statuses/_form.html.erb (7.0ms)
  Rendered statuses/edit.html.erb within layouts/application (12.0ms)
Completed 200 OK in 49ms (Views: 35.0ms | ActiveRecord: 1.0ms)


Started GET "/statuses/1" for 127.0.0.1 at 2014-04-29 01:25:29 +0530
Processing by StatusesController#show as HTML
  Parameters: {"id"=>"1"}
  [1m[36mStatus Load (1.0ms)[0m  [1mSELECT  "statuses".* FROM "statuses"  WHERE "statuses"."id" = ? LIMIT 1[0m  [["id", 1]]
  Rendered statuses/show.html.erb within layouts/application (3.0ms)
Completed 200 OK in 33ms (Views: 23.0ms | ActiveRecord: 1.0ms)


Started GET "/statuses/1/edit" for 127.0.0.1 at 2014-04-29 01:25:42 +0530
Processing by StatusesController#edit as HTML
  Parameters: {"id"=>"1"}
  [1m[35mStatus Load (0.0ms)[0m  SELECT  "statuses".* FROM "statuses"  WHERE "statuses"."id" = ? LIMIT 1  [["id", 1]]
  Rendered statuses/_form.html.erb (7.0ms)
  Rendered statuses/edit.html.erb within layouts/application (13.0ms)
Completed 200 OK in 54ms (Views: 38.0ms | ActiveRecord: 0.0ms)
